<?xml version="1.0" encoding="UTF-8"?>
<!-- Generated by org.testng.reporters.JUnitReportReporter -->
<testsuite skipped="0" hostname="Ammu" name="myFirstFramework.HomePage" tests="2" failures="0" timestamp="13 Mar 2019 23:14:08 GMT" time="15.048" errors="0">
  <testcase name="baseBaseNavigation" time="10.312" classname="myFirstFramework.HomePage"/>
  <testcase name="baseBaseNavigation" time="4.736" classname="myFirstFramework.HomePage"/>
</testsuite> <!-- myFirstFramework.HomePage -->
