<?xml version="1.0" encoding="UTF-8"?>
<!-- Generated by org.testng.reporters.JUnitReportReporter -->
<testsuite skipped="0" hostname="Ammu" name="myFirstFramework.ValidateLogo" tests="2" failures="0" timestamp="12 Mar 2019 10:59:19 GMT" time="5.480" errors="0">
  <testcase name="suppressPopUp" time="5.248" classname="myFirstFramework.ValidateLogo"/>
  <testcase name="baseBaseNavigation" time="0.232" classname="myFirstFramework.ValidateLogo"/>
</testsuite> <!-- myFirstFramework.ValidateLogo -->
