<?xml version="1.0" encoding="UTF-8"?>
<!-- Generated by org.testng.reporters.JUnitReportReporter -->
<testsuite hostname="Ammu" name="myFirstFramework.HomePage" tests="2" failures="0" timestamp="13 Mar 2019 23:16:31 GMT" time="14.866" errors="0">
  <testcase name="baseBaseNavigation" time="9.218" classname="myFirstFramework.HomePage"/>
  <testcase name="baseBaseNavigation" time="5.648" classname="myFirstFramework.HomePage"/>
</testsuite> <!-- myFirstFramework.HomePage -->
