<?xml version="1.0" encoding="UTF-8"?>
<!-- Generated by org.testng.reporters.JUnitReportReporter -->
<testsuite hostname="Ammu" name="myFirstFramework.ValidateLogo" tests="2" failures="0" timestamp="13 Mar 2019 23:16:31 GMT" time="5.856" errors="0">
  <testcase name="validateAppLogo" time="0.062" classname="myFirstFramework.ValidateLogo"/>
  <testcase name="suppressPopUp" time="5.794" classname="myFirstFramework.ValidateLogo"/>
</testsuite> <!-- myFirstFramework.ValidateLogo -->
