<?xml version="1.0" encoding="UTF-8"?>
<!-- Generated by org.testng.reporters.JUnitReportReporter -->
<testsuite hostname="Ammu" name="myFirstFramework.ValidateTitle" tests="1" failures="0" timestamp="13 Mar 2019 23:16:31 GMT" time="0.061" errors="0">
  <testcase name="validateAppTitle" time="0.061" classname="myFirstFramework.ValidateTitle"/>
</testsuite> <!-- myFirstFramework.ValidateTitle -->
